<?xml version="1.0" encoding="UTF-8"?>
<!-- Generated by org.testng.reporters.JUnitXMLReporter -->
<testsuite hostname="DESKTOP-OM5ADS1" ignored="10" name="Default test" tests="1" failures="0" timestamp="2020-07-01T15:41:58 IST" time="2.103" errors="0">
  <testcase name="RST_05_ShouldRunSuccess_UpdateResource" time="0.454" classname="com.testkit.servicetest.ResourceServiceTest"/>
  <testcase name="RST_9_shouldSuccess_findAll" time="0.0" classname="com.testkit.servicetest.ResourceServiceTest">
    <ignored/>
  </testcase> <!-- RST_9_shouldSuccess_findAll -->
  <testcase name="RST_10_shouldThrowNFE_getResourceEntityById" time="0.0" classname="com.testkit.servicetest.ResourceServiceTest">
    <ignored/>
  </testcase> <!-- RST_10_shouldThrowNFE_getResourceEntityById -->
  <testcase name="RST_02_shouldSuccess_saveResource" time="0.0" classname="com.testkit.servicetest.ResourceServiceTest">
    <ignored/>
  </testcase> <!-- RST_02_shouldSuccess_saveResource -->
  <testcase name="RST_06_shouldThrowNFE_deleteResource" time="0.0" classname="com.testkit.servicetest.ResourceServiceTest">
    <ignored/>
  </testcase> <!-- RST_06_shouldThrowNFE_deleteResource -->
  <testcase name="RST_03_shouldThrow_NFE_UpdateResource_userNotfoundError" time="0.0" classname="com.testkit.servicetest.ResourceServiceTest">
    <ignored/>
  </testcase> <!-- RST_03_shouldThrow_NFE_UpdateResource_userNotfoundError -->
  <testcase name="RST_01_shouldThrowBRE_saveResource" time="0.0" classname="com.testkit.servicetest.ResourceServiceTest">
    <ignored/>
  </testcase> <!-- RST_01_shouldThrowBRE_saveResource -->
  <testcase name="RST_04_shouldThrow_BRE_UpdateResource_BadRequestError" time="0.0" classname="com.testkit.servicetest.ResourceServiceTest">
    <ignored/>
  </testcase> <!-- RST_04_shouldThrow_BRE_UpdateResource_BadRequestError -->
  <testcase name="RST_07_shouldSuccess_deleteResource" time="0.0" classname="com.testkit.servicetest.ResourceServiceTest">
    <ignored/>
  </testcase> <!-- RST_07_shouldSuccess_deleteResource -->
  <testcase name="RST_11_shouldSuccess_getResourceEntityById" time="0.0" classname="com.testkit.servicetest.ResourceServiceTest">
    <ignored/>
  </testcase> <!-- RST_11_shouldSuccess_getResourceEntityById -->
  <testcase name="RST_08_shouldThrowNFE_findAll" time="0.0" classname="com.testkit.servicetest.ResourceServiceTest">
    <ignored/>
  </testcase> <!-- RST_08_shouldThrowNFE_findAll -->
</testsuite> <!-- Default test -->
