<?xml version="1.0" encoding="UTF-8"?>
<!-- Generated by org.testng.reporters.JUnitXMLReporter -->
<testsuite hostname="DESKTOP-OM5ADS1" ignored="0" name="Default test" tests="11" failures="0" timestamp="2020-06-26T16:03:03 IST" time="1.228" errors="0">
  <testcase name="RST_01_shouldThrowBRE_saveResource" time="0.073" classname="com.testkit.servicetest.ResourceServiceTest"/>
  <testcase name="RST_02_shouldSuccess_saveResource" time="0.004" classname="com.testkit.servicetest.ResourceServiceTest"/>
  <testcase name="RST_03_shouldThrow_NFE_UpdateResource_userNotfoundError" time="0.093" classname="com.testkit.servicetest.ResourceServiceTest"/>
  <testcase name="RST_04_shouldThrow_BRE_UpdateResource_BadRequestError" time="0.012" classname="com.testkit.servicetest.ResourceServiceTest"/>
  <testcase name="RST_05_ShouldRunSuccess_UpdateResource" time="0.002" classname="com.testkit.servicetest.ResourceServiceTest"/>
  <testcase name="RST_06_shouldThrowNFE_deleteResource" time="0.002" classname="com.testkit.servicetest.ResourceServiceTest"/>
  <testcase name="RST_07_shouldSuccess_deleteResource" time="0.015" classname="com.testkit.servicetest.ResourceServiceTest"/>
  <testcase name="RST_08_shouldThrowNFE_findAll" time="0.004" classname="com.testkit.servicetest.ResourceServiceTest"/>
  <testcase name="RST_10_shouldThrowNFE_getResourceEntityById" time="0.002" classname="com.testkit.servicetest.ResourceServiceTest"/>
  <testcase name="RST_11_shouldSuccess_getResourceEntityById" time="0.003" classname="com.testkit.servicetest.ResourceServiceTest"/>
  <testcase name="RST_9_shouldSuccess_findAll" time="0.002" classname="com.testkit.servicetest.ResourceServiceTest"/>
</testsuite> <!-- Default test -->
