<?xml version="1.0" encoding="UTF-8"?>
<testng-results skipped="0" failed="0" ignored="10" total="11" passed="1">
  <reporter-output>
  </reporter-output>
  <suite name="Default suite" duration-ms="2103" started-at="2020-07-01T15:41:56 IST" finished-at="2020-07-01T15:41:58 IST">
    <groups>
    </groups>
    <test name="Default test" duration-ms="2103" started-at="2020-07-01T15:41:56 IST" finished-at="2020-07-01T15:41:58 IST">
      <class name="com.testkit.servicetest.ResourceServiceTest">
        <test-method status="PASS" signature="setUp()[pri:0, instance:com.testkit.servicetest.ResourceServiceTest@7a3d45bd]" name="setUp" is-config="true" duration-ms="1555" started-at="2020-07-01T15:41:56 IST" finished-at="2020-07-01T15:41:57 IST">
          <reporter-output>
          </reporter-output>
        </test-method> <!-- setUp -->
        <test-method status="PASS" signature="RST_05_ShouldRunSuccess_UpdateResource(int, com.testkit.build.entity.ResourceEntity, com.testkit.build.dto.ResourceDTO)[pri:0, instance:com.testkit.servicetest.ResourceServiceTest@7a3d45bd]" name="RST_05_ShouldRunSuccess_UpdateResource" duration-ms="454" started-at="2020-07-01T15:41:57 IST" data-provider="getDataForUpdateResourceSuccess" finished-at="2020-07-01T15:41:58 IST">
          <params>
            <param index="0">
              <value>
                <![CDATA[1]]>
              </value>
            </param>
            <param index="1">
              <value>
                <![CDATA[ResourceEntity(registrationDate=Wed Jul 01 15:41:56 IST 2020)]]>
              </value>
            </param>
            <param index="2">
              <value>
                <![CDATA[ResourceDTO(registrationDate=Wed Jul 01 15:41:56 IST 2020)]]>
              </value>
            </param>
          </params>
          <reporter-output>
          </reporter-output>
        </test-method> <!-- RST_05_ShouldRunSuccess_UpdateResource -->
      </class> <!-- com.testkit.servicetest.ResourceServiceTest -->
    </test> <!-- Default test -->
  </suite> <!-- Default suite -->
</testng-results>
